Arguments: 
  C:\Program Files\nodejs\node.exe C:\Users\ASUS\.node\corepack\yarn\1.22.15\bin\yarn.js add react-native-safe-area-context@3.3.2

PATH: 
  D:\Program Files\cmder\vendor\git-for-windows\cmd;C:\Python310\Scripts\;C:\Python310\;D:\Program Files\curl-7.79.1-win64-mingw\bin;C:\Python27\;C:\Python27\Scripts;C:\Program Files (x86)\Microsoft SDKs\Azure\CLI2\wbin;C:\Program Files\AdoptOpenJDK\jdk-8.0.275.1-hotspot\bin;C:\Program Files (x86)\Common Files\Oracle\Java\javapath;C:\Program Files (x86)\Common Files\Intel\Shared Libraries\redist\intel64\compiler;C:\Windows\system32;C:\Windows;C:\Windows\System32\Wbem;C:\Windows\System32\WindowsPowerShell\v1.0\;C:\Windows\System32\OpenSSH\;C:\Program Files (x86)\NVIDIA Corporation\PhysX\Common;C:\Program Files\Intel\WiFi\bin\;C:\Program Files\Common Files\Intel\WirelessCommon\;C:\ProgramData\chocolatey\bin;C:\WINDOWS\system32;C:\WINDOWS;C:\WINDOWS\System32\Wbem;C:\WINDOWS\System32\WindowsPowerShell\v1.0\;C:\WINDOWS\System32\OpenSSH\;C:\Program Files\Microsoft SQL Server\Client SDK\ODBC\170\Tools\Binn\;C:\Program Files\MiKTeX 2.9\miktex\bin\x64\;D:\Git\cmd;C:\Program Files (x86)\Microsoft SQL Server\150\Tools\Binn\;C:\Program Files\Microsoft SQL Server\150\Tools\Binn\;C:\Program Files\Microsoft SQL Server\150\DTS\Binn\;C:\Program Files (x86)\Microsoft SQL Server\150\DTS\Binn\;C:\Program Files\Azure Data Studio\bin;C:\Program Files\Microsoft SQL Server\130\Tools\Binn\;C:\Program Files\Intel\Intel(R) Memory and Storage Tool\;C:\Program Files\dotnet\;C:\Program Files\nodejs\;C:\Program Files\Docker\Docker\resources\bin;C:\ProgramData\DockerDesktop\version-bin;C:\Users\ASUS\AppData\Local\Microsoft\WindowsApps;C:\ffmpeg\bin;C:\Program Files\JetBrains\PyCharm Community Edition 2019.3.2\bin;C:\Program Files\CELSYS\CLIP STUDIO 1.5\CLIP STUDIO;D:\Program Files;C:\Users\ASUS\AppData\Local\Programs\Microsoft VS Code;C:\Program Files (x86)\Microsoft Visual Studio\2019\Community\Common7\IDE\;C:\CUSTOM PATH;D:\Program Files\Microsoft VS Code\bin;C:\Program Files\Azure Data Studio\bin;C:\Users\ASUS\AppData\Local\GitHubDesktop\bin;D:\Program Files\PostgreSQL\14\bin\;C:\Users\ASUS\.dotnet\tools;C:\Users\ASUS\AppData\Roaming\npm;D:\Program Files\JetBrains\IntelliJ IDEA Community Edition 2021.3.2\bin;D:\src\flutter\bin;D:\Program Files\cmder\vendor\git-for-windows\mingw64\bin;D:\Program Files\cmder\vendor\git-for-windows\usr\bin;D:\Program Files\cmder\vendor\bin;D:\Program Files\cmder

Yarn version: 
  1.22.15

Node version: 
  16.13.2

Platform: 
  win32 x64

Trace: 
  Error [ERR_TLS_CERT_ALTNAME_INVALID]: Hostname/IP does not match certificate's altnames: Host: registry.yarnpkg.com. is not in the cert's altnames: DNS:login.inetcenter.vn
      at new NodeError (node:internal/errors:371:5)
      at Object.checkServerIdentity (node:tls:346:12)
      at TLSSocket.onConnectSecure (node:_tls_wrap:1540:27)
      at TLSSocket.emit (node:events:390:28)
      at TLSSocket._finishInit (node:_tls_wrap:944:8)
      at TLSWrap.ssl.onhandshakedone (node:_tls_wrap:725:12)

npm manifest: 
  {
    "name": "se346-proj",
    "version": "1.0.0",
    "main": "node_modules/expo/AppEntry.js",
    "scripts": {
      "start": "expo start",
      "android": "expo start --android",
      "ios": "expo start --ios",
      "web": "expo start --web",
      "eject": "expo eject"
    },
    "dependencies": {
      "expo": "~44.0.0",
      "expo-status-bar": "~1.2.0",
      "install": "^0.13.0",
      "native-base": "^3.4.4",
      "react": "17.0.1",
      "react-dom": "17.0.1",
      "react-native": "0.64.3",
      "react-native-safe-area-context": "^4.2.5",
      "react-native-svg": "^12.3.0",
      "react-native-web": "0.17.1"
    },
    "devDependencies": {
      "@babel/core": "^7.12.9"
    },
    "private": true
  }

yarn manifest: 
  No manifest

Lockfile: 
  
